<?xml version="1.0" encoding="UTF-8"?>
<testsuite xmlns:xsi="http://www.w3.org/2001/XMLSchema-instance" xsi:noNamespaceSchemaLocation="https://maven.apache.org/surefire/maven-surefire-plugin/xsd/surefire-test-report-3.0.xsd" version="3.0" name="runners.TestRunner" time="8.526" tests="1" errors="0" skipped="0" failures="0">
  <properties>
[...]
</properties>
  <testcase name="runScenario[&quot;Add, Update, Verify and Delete a place&quot;, &quot;Validate Place API&quot;](1)" classname="runners.TestRunner" time="7.687">
    <system-out><![CDATA[
Scenario: Add, Update, Verify and Delete a place              # src/test/java/features/PlaceAPI.feature:3
  Given Add Place Payload                                     # stepDefinitions.PlaceStepDefinitions.add_place_payload()
  When User calls "AddPlaceAPI" with "POST" http request      # stepDefinitions.PlaceStepDefinitions.user_calls_api_with_method(java.lang.String,java.lang.String)
  Then API call is successful with status code 200            # stepDefinitions.PlaceStepDefinitions.api_call_successful(int)
  And "place_id" is extracted from response                   # stepDefinitions.PlaceStepDefinitions.extract_place_id(java.lang.String)
  When User calls "UpdatePlaceAPI" with "PUT" http request    # stepDefinitions.PlaceStepDefinitions.user_calls_api_with_method(java.lang.String,java.lang.String)
  Then API call is successful with status code 200            # stepDefinitions.PlaceStepDefinitions.api_call_successful(int)
  When User calls "GetPlaceAPI" with "GET" http request       # stepDefinitions.PlaceStepDefinitions.user_calls_api_with_method(java.lang.String,java.lang.String)
  Then "address" in response is "New Walk, Africa"            # stepDefinitions.PlaceStepDefinitions.verify_field_in_response(java.lang.String,java.lang.String)
  When User calls "DeletePlaceAPI" with "DELETE" http request # stepDefinitions.PlaceStepDefinitions.user_calls_api_with_method(java.lang.String,java.lang.String)
  Then API call is successful with status code 200            # stepDefinitions.PlaceStepDefinitions.api_call_successful(int)
]]></system-out>
    <system-err><![CDATA[SLF4J: Failed to load class "org.slf4j.impl.StaticLoggerBinder".
SLF4J: Defaulting to no-operation (NOP) logger implementation
SLF4J: See http://www.slf4j.org/codes.html#StaticLoggerBinder for further details.
]]></system-err>
  </testcase>
</testsuite>